<?xml version="1.0" encoding="UTF-8" ?>
<testsuite failures="0" time="0.054" errors="0" skipped="0" tests="1" name="idrabenia.crawler.AppTest">
  <properties>
    <property name="java.runtime.name" value="Java(TM) SE Runtime Environment"/>
    <property name="sun.boot.library.path" value="C:\Program Files\Java\jdk1.7.0_06\jre\bin"/>
    <property name="java.vm.version" value="23.2-b09"/>
    <property name="java.vm.vendor" value="Oracle Corporation"/>
    <property name="java.vendor.url" value="http://java.oracle.com/"/>
    <property name="path.separator" value=";"/>
    <property name="java.vm.name" value="Java HotSpot(TM) 64-Bit Server VM"/>
    <property name="file.encoding.pkg" value="sun.io"/>
    <property name="user.script" value=""/>
    <property name="user.country" value="RU"/>
    <property name="sun.java.launcher" value="SUN_STANDARD"/>
    <property name="sun.os.patch.level" value="Service Pack 1"/>
    <property name="java.vm.specification.name" value="Java Virtual Machine Specification"/>
    <property name="user.dir" value="d:\Projects\Java\Projects\Search\crawler-probe"/>
    <property name="java.runtime.version" value="1.7.0_06-b24"/>
    <property name="java.awt.graphicsenv" value="sun.awt.Win32GraphicsEnvironment"/>
    <property name="basedir" value="d:\Projects\Java\Projects\Search\crawler-probe"/>
    <property name="java.endorsed.dirs" value="C:\Program Files\Java\jdk1.7.0_06\jre\lib\endorsed"/>
    <property name="os.arch" value="amd64"/>
    <property name="surefire.real.class.path" value="d:\Projects\Java\Projects\Search\crawler-probe\target\surefire\surefirebooter7540315175943914497.jar"/>
    <property name="java.io.tmpdir" value="C:\Users\OS\AppData\Local\Temp\"/>
    <property name="line.separator" value="
"/>
    <property name="java.vm.specification.vendor" value="Oracle Corporation"/>
    <property name="user.variant" value=""/>
    <property name="os.name" value="Windows 7"/>
    <property name="sun.jnu.encoding" value="Cp1251"/>
    <property name="java.library.path" value="C:\Program Files\Java\jdk1.7.0_06\jre\bin;C:\Windows\Sun\Java\bin;C:\Windows\system32;C:\Windows;D:\Programs\oraclexe\app\oracle\product\10.2.0\server\bin;C:\Program Files\Java\jdk1.7.0_06\bin;C:\Program Files (x86)\NVIDIA Corporation\PhysX\Common;C:\Windows\system32;C:\Windows;C:\Windows\system32\wbem;C:\Windows\system32\windowspowershell\v1.0\;c:\program files (x86)\subversion\bin;c:\program files (x86)\tortoisesvn\bin;c:\program files (x86)\microsoft sql server\100\tools\binn\;c:\program files\microsoft sql server\100\tools\binn\;c:\program files\microsoft sql server\100\dts\binn\;c:\program files\ibm\gsk8\lib64;D:\PROGRA~1\IBM\SQLLIB\BIN;D:\PROGRA~1\IBM\SQLLIB\FUNCTION;D:\PROGRA~1\IBM\SQLLIB\SAMPLES\REPL;D:\Program Files (x86)\IBM\RationalSDLC\common;D:\Program Files (x86)\Microchip\MPLAB C32 Suite\bin;D:\Program Files (x86)\Microchip\MPLAB IDE\VDI;c:\Program Files\NetBeans 6.8\java3\ant\bin\;C:\Program Files\Java\jdk1.6.0_21\bin\;D:\Program Files (x86)\apache-maven-3.0.3\bin;C:\Program Files (x86)\Git\cmd;D:\Program Files (x86)\Rational\common;C:\Program Files (x86)\GNU\GnuPG\pub;D:\PROGRA~2\Aldec\ACTIVE~1.2\BIN;D:\Program Files (x86)\apache-ant-1.8.2\bin\;C:\Program Files\TortoiseHg\;D:\Program Files (x86)\Groovy\Groovy-1.8.4\bin;C:\Program Files (x86)\Microsoft ASP.NET\ASP.NET Web Pages\v1.0\;D:\Projects\Groovy\Libraries\Grails\grails-2.0.0\bin;D:\Projects\Groovy\Libraries\Griffon\griffon-0.9.2\bin;D:\Projects\Groovy\Libraries\Gradle\gradle-1.4/bin;D:\Program Files\FPC\2.6.0\bin\i386-Win32;D:\Program Files (x86)\QuickTime\QTSystem\;D:\Projects\Java\Libraries\SpringRoo\spring-roo-1.2.1.RELEASE\bin\;D:\Projects\JavaScript\Libraries\SproutCore\SproutCore\bin;D:\Projects\Ruby\RubyDevKit\bin;D:\Program Files\erl5.9.2\bin;D:\Programs\OpenCV\opencv\build\x64\vc10\bin;D:\Program Files (x86)\scala\\bin;D:\Program Files\TortoiseGit\bin;D:\Program Files (x86)\sbt\;C:\Program Files (x86)\giter8\;D:\Program Files\nodejs\;d:\Projects\Scala\Libraries\play-2.1.0\;D:\Projects\Java\Libraries\protobuf\;D:\Programs\RailsInstaller\Git\cmd;D:\Programs\RailsInstaller\Ruby1.9.3\bin;D:\Projects\Ruby\Ruby192\bin;C:\Users\OS\AppData\Roaming\npm;."/>
    <property name="surefire.test.class.path" value="d:\Projects\Java\Projects\Search\crawler-probe\target\test-classes;d:\Projects\Java\Projects\Search\crawler-probe\target\classes;D:\Program Files (x86)\apache-maven-3.0.3\repository\junit\junit\3.8.1\junit-3.8.1.jar;"/>
    <property name="java.specification.name" value="Java Platform API Specification"/>
    <property name="java.class.version" value="51.0"/>
    <property name="sun.management.compiler" value="HotSpot 64-Bit Tiered Compilers"/>
    <property name="os.version" value="6.1"/>
    <property name="user.home" value="C:\Users\OS"/>
    <property name="user.timezone" value=""/>
    <property name="java.awt.printerjob" value="sun.awt.windows.WPrinterJob"/>
    <property name="java.specification.version" value="1.7"/>
    <property name="file.encoding" value="Cp1251"/>
    <property name="user.name" value="OS"/>
    <property name="java.class.path" value="d:\Projects\Java\Projects\Search\crawler-probe\target\test-classes;d:\Projects\Java\Projects\Search\crawler-probe\target\classes;D:\Program Files (x86)\apache-maven-3.0.3\repository\junit\junit\3.8.1\junit-3.8.1.jar;"/>
    <property name="java.vm.specification.version" value="1.7"/>
    <property name="sun.arch.data.model" value="64"/>
    <property name="java.home" value="C:\Program Files\Java\jdk1.7.0_06\jre"/>
    <property name="sun.java.command" value="d:\Projects\Java\Projects\Search\crawler-probe\target\surefire\surefirebooter7540315175943914497.jar d:\Projects\Java\Projects\Search\crawler-probe\target\surefire\surefire6381035063282162117tmp d:\Projects\Java\Projects\Search\crawler-probe\target\surefire\surefire1333065938612086054tmp"/>
    <property name="java.specification.vendor" value="Oracle Corporation"/>
    <property name="user.language" value="ru"/>
    <property name="awt.toolkit" value="sun.awt.windows.WToolkit"/>
    <property name="java.vm.info" value="mixed mode"/>
    <property name="java.version" value="1.7.0_06"/>
    <property name="java.ext.dirs" value="C:\Program Files\Java\jdk1.7.0_06\jre\lib\ext;C:\Windows\Sun\Java\lib\ext"/>
    <property name="sun.boot.class.path" value="C:\Program Files\Java\jdk1.7.0_06\jre\lib\resources.jar;C:\Program Files\Java\jdk1.7.0_06\jre\lib\rt.jar;C:\Program Files\Java\jdk1.7.0_06\jre\lib\sunrsasign.jar;C:\Program Files\Java\jdk1.7.0_06\jre\lib\jsse.jar;C:\Program Files\Java\jdk1.7.0_06\jre\lib\jce.jar;C:\Program Files\Java\jdk1.7.0_06\jre\lib\charsets.jar;C:\Program Files\Java\jdk1.7.0_06\jre\lib\jfr.jar;C:\Program Files\Java\jdk1.7.0_06\jre\classes"/>
    <property name="java.vendor" value="Oracle Corporation"/>
    <property name="localRepository" value="D:\Program Files (x86)\apache-maven-3.0.3\repository"/>
    <property name="file.separator" value="\"/>
    <property name="java.vendor.url.bug" value="http://bugreport.sun.com/bugreport/"/>
    <property name="sun.cpu.endian" value="little"/>
    <property name="sun.io.unicode.encoding" value="UnicodeLittle"/>
    <property name="sun.desktop" value="windows"/>
    <property name="sun.cpu.isalist" value="amd64"/>
  </properties>
  <testcase time="0.004" classname="idrabenia.crawler.AppTest" name="testApp"/>
</testsuite>